<?xml version="1.0" encoding="UTF-8"?>
<!-- Generated by org.testng.reporters.JUnitReportReporter -->
<testsuite skipped="0" hostname="DESKTOP-SR72E8K" name="webdrivers.downloadingWebDriver" tests="1" failures="0" timestamp="09 Apr 2018 05:55:40 GMT" time="0.005" errors="0">
  <testcase name="test" time="0.005" classname="webdrivers.downloadingWebDriver"/>
</testsuite> <!-- webdrivers.downloadingWebDriver -->
